{"/Users/yudhistiroagung/Projects/vibekeun-template/react-vibekeun-template/src/data/goals/goal-repository-impl.ts": {"path":"/Users/yudhistiroagung/Projects/vibekeun-template/react-vibekeun-template/src/data/goals/goal-repository-impl.ts","statementMap":{"0":{"start":{"line":16,"column":21},"end":{"line":16,"column":null}},"1":{"start":{"line":17,"column":4},"end":{"line":17,"column":null}},"2":{"start":{"line":21,"column":21},"end":{"line":21,"column":null}},"3":{"start":{"line":22,"column":4},"end":{"line":22,"column":null}},"4":{"start":{"line":26,"column":16},"end":{"line":26,"column":null}},"5":{"start":{"line":27,"column":19},"end":{"line":30,"column":null}},"6":{"start":{"line":31,"column":15},"end":{"line":31,"column":null}},"7":{"start":{"line":32,"column":4},"end":{"line":32,"column":null}},"8":{"start":{"line":36,"column":4},"end":{"line":36,"column":null}},"9":{"start":{"line":37,"column":28},"end":{"line":37,"column":null}},"10":{"start":{"line":38,"column":26},"end":{"line":38,"column":null}},"11":{"start":{"line":38,"column":52},"end":{"line":38,"column":null}},"12":{"start":{"line":39,"column":4},"end":{"line":39,"column":null}},"13":{"start":{"line":39,"column":24},"end":{"line":39,"column":null}},"14":{"start":{"line":40,"column":4},"end":{"line":40,"column":null}},"15":{"start":{"line":44,"column":4},"end":{"line":44,"column":null}},"16":{"start":{"line":48,"column":21},"end":{"line":48,"column":null}},"17":{"start":{"line":49,"column":4},"end":{"line":49,"column":null}},"18":{"start":{"line":53,"column":4},"end":{"line":53,"column":null}},"19":{"start":{"line":12,"column":56},"end":{"line":12,"column":77}},"20":{"start":{"line":10,"column":2},"end":{"line":10,"column":null}}},"fnMap":{"0":{"name":"(anonymous_0)","decl":{"start":{"line":15,"column":8},"end":{"line":15,"column":34}},"loc":{"start":{"line":15,"column":34},"end":{"line":18,"column":null}},"line":15},"1":{"name":"(anonymous_1)","decl":{"start":{"line":20,"column":8},"end":{"line":20,"column":23}},"loc":{"start":{"line":20,"column":59},"end":{"line":23,"column":null}},"line":20},"2":{"name":"(anonymous_2)","decl":{"start":{"line":25,"column":8},"end":{"line":25,"column":15}},"loc":{"start":{"line":25,"column":68},"end":{"line":33,"column":null}},"line":25},"3":{"name":"(anonymous_3)","decl":{"start":{"line":35,"column":8},"end":{"line":35,"column":15}},"loc":{"start":{"line":35,"column":63},"end":{"line":41,"column":null}},"line":35},"4":{"name":"(anonymous_4)","decl":{"start":{"line":38,"column":47},"end":{"line":38,"column":52}},"loc":{"start":{"line":38,"column":52},"end":{"line":38,"column":null}},"line":38},"5":{"name":"(anonymous_5)","decl":{"start":{"line":43,"column":8},"end":{"line":43,"column":15}},"loc":{"start":{"line":43,"column":42},"end":{"line":45,"column":null}},"line":43},"6":{"name":"(anonymous_6)","decl":{"start":{"line":47,"column":8},"end":{"line":47,"column":16}},"loc":{"start":{"line":47,"column":46},"end":{"line":50,"column":null}},"line":47},"7":{"name":"(anonymous_7)","decl":{"start":{"line":52,"column":8},"end":{"line":52,"column":31}},"loc":{"start":{"line":52,"column":31},"end":{"line":54,"column":null}},"line":52},"8":{"name":"(anonymous_8)","decl":{"start":{"line":11,"column":2},"end":{"line":11,"column":null}},"loc":{"start":{"line":13,"column":4},"end":{"line":13,"column":null}},"line":13}},"branchMap":{"0":{"loc":{"start":{"line":39,"column":4},"end":{"line":39,"column":null}},"type":"if","locations":[{"start":{"line":39,"column":4},"end":{"line":39,"column":null}},{"start":{},"end":{}}],"line":39}},"s":{"0":1,"1":1,"2":1,"3":1,"4":1,"5":1,"6":1,"7":1,"8":0,"9":0,"10":0,"11":0,"12":0,"13":0,"14":0,"15":0,"16":1,"17":1,"18":1,"19":5,"20":1},"f":{"0":1,"1":1,"2":1,"3":0,"4":0,"5":0,"6":1,"7":1,"8":5},"b":{"0":[0,0]},"meta":{"lastBranch":1,"lastFunction":9,"lastStatement":21,"seen":{"f:15:8:15:34":0,"s:16:21:16:Infinity":0,"s:17:4:17:Infinity":1,"f:20:8:20:23":1,"s:21:21:21:Infinity":2,"s:22:4:22:Infinity":3,"f:25:8:25:15":2,"s:26:16:26:Infinity":4,"s:27:19:30:Infinity":5,"s:31:15:31:Infinity":6,"s:32:4:32:Infinity":7,"f:35:8:35:15":3,"s:36:4:36:Infinity":8,"s:37:28:37:Infinity":9,"s:38:26:38:Infinity":10,"f:38:47:38:52":4,"s:38:52:38:Infinity":11,"b:39:4:39:Infinity:undefined:undefined:undefined:undefined":0,"s:39:4:39:Infinity":12,"s:39:24:39:Infinity":13,"s:40:4:40:Infinity":14,"f:43:8:43:15":5,"s:44:4:44:Infinity":15,"f:47:8:47:16":6,"s:48:21:48:Infinity":16,"s:49:4:49:Infinity":17,"f:52:8:52:31":7,"s:53:4:53:Infinity":18,"f:11:2:11:Infinity":8,"s:12:56:12:77":19,"s:10:2:10:Infinity":20}}}
,"/Users/yudhistiroagung/Projects/vibekeun-template/react-vibekeun-template/src/data/goals/datasources/local/goal-local-datasource.ts": {"path":"/Users/yudhistiroagung/Projects/vibekeun-template/react-vibekeun-template/src/data/goals/datasources/local/goal-local-datasource.ts","statementMap":{"0":{"start":{"line":14,"column":4},"end":{"line":14,"column":null}},"1":{"start":{"line":18,"column":4},"end":{"line":18,"column":null}},"2":{"start":{"line":22,"column":4},"end":{"line":22,"column":null}},"3":{"start":{"line":26,"column":4},"end":{"line":26,"column":null}},"4":{"start":{"line":30,"column":4},"end":{"line":30,"column":null}},"5":{"start":{"line":34,"column":4},"end":{"line":34,"column":null}},"6":{"start":{"line":38,"column":4},"end":{"line":38,"column":null}},"7":{"start":{"line":11,"column":58},"end":{"line":11,"column":74}},"8":{"start":{"line":9,"column":2},"end":{"line":9,"column":null}}},"fnMap":{"0":{"name":"(anonymous_0)","decl":{"start":{"line":13,"column":8},"end":{"line":13,"column":42}},"loc":{"start":{"line":13,"column":42},"end":{"line":15,"column":null}},"line":13},"1":{"name":"(anonymous_1)","decl":{"start":{"line":17,"column":8},"end":{"line":17,"column":28}},"loc":{"start":{"line":17,"column":70},"end":{"line":19,"column":null}},"line":17},"2":{"name":"(anonymous_2)","decl":{"start":{"line":21,"column":8},"end":{"line":21,"column":16}},"loc":{"start":{"line":21,"column":51},"end":{"line":23,"column":null}},"line":21},"3":{"name":"(anonymous_3)","decl":{"start":{"line":25,"column":8},"end":{"line":25,"column":19}},"loc":{"start":{"line":25,"column":75},"end":{"line":27,"column":null}},"line":25},"4":{"name":"(anonymous_4)","decl":{"start":{"line":29,"column":8},"end":{"line":29,"column":19}},"loc":{"start":{"line":29,"column":46},"end":{"line":31,"column":null}},"line":29},"5":{"name":"(anonymous_5)","decl":{"start":{"line":33,"column":8},"end":{"line":33,"column":21}},"loc":{"start":{"line":33,"column":57},"end":{"line":35,"column":null}},"line":33},"6":{"name":"(anonymous_6)","decl":{"start":{"line":37,"column":8},"end":{"line":37,"column":36}},"loc":{"start":{"line":37,"column":36},"end":{"line":39,"column":null}},"line":37},"7":{"name":"(anonymous_7)","decl":{"start":{"line":11,"column":2},"end":{"line":11,"column":14}},"loc":{"start":{"line":11,"column":76},"end":{"line":11,"column":null}},"line":11}},"branchMap":{},"s":{"0":1,"1":1,"2":1,"3":0,"4":0,"5":1,"6":1,"7":5,"8":2},"f":{"0":1,"1":1,"2":1,"3":0,"4":0,"5":1,"6":1,"7":5},"b":{},"meta":{"lastBranch":0,"lastFunction":8,"lastStatement":9,"seen":{"f:13:8:13:42":0,"s:14:4:14:Infinity":0,"f:17:8:17:28":1,"s:18:4:18:Infinity":1,"f:21:8:21:16":2,"s:22:4:22:Infinity":2,"f:25:8:25:19":3,"s:26:4:26:Infinity":3,"f:29:8:29:19":4,"s:30:4:30:Infinity":4,"f:33:8:33:21":5,"s:34:4:34:Infinity":5,"f:37:8:37:36":6,"s:38:4:38:Infinity":6,"f:11:2:11:14":7,"s:11:58:11:74":7,"s:9:2:9:Infinity":8}}}
,"/Users/yudhistiroagung/Projects/vibekeun-template/react-vibekeun-template/src/data/goals/datasources/local/db/index.ts": {"path":"/Users/yudhistiroagung/Projects/vibekeun-template/react-vibekeun-template/src/data/goals/datasources/local/db/index.ts","statementMap":{},"fnMap":{},"branchMap":{},"s":{},"f":{},"b":{},"meta":{"lastBranch":0,"lastFunction":0,"lastStatement":0,"seen":{}}}
,"/Users/yudhistiroagung/Projects/vibekeun-template/react-vibekeun-template/src/data/goals/mapper/goal-mapper.ts": {"path":"/Users/yudhistiroagung/Projects/vibekeun-template/react-vibekeun-template/src/data/goals/mapper/goal-mapper.ts","statementMap":{"0":{"start":{"line":4,"column":34},"end":{"line":17,"column":null}},"1":{"start":{"line":5,"column":2},"end":{"line":7,"column":null}},"2":{"start":{"line":6,"column":4},"end":{"line":6,"column":null}},"3":{"start":{"line":9,"column":2},"end":{"line":16,"column":null}},"4":{"start":{"line":19,"column":34},"end":{"line":28,"column":null}},"5":{"start":{"line":20,"column":2},"end":{"line":27,"column":null}}},"fnMap":{"0":{"name":"(anonymous_0)","decl":{"start":{"line":4,"column":34},"end":{"line":4,"column":35}},"loc":{"start":{"line":4,"column":35},"end":{"line":17,"column":null}},"line":4},"1":{"name":"(anonymous_1)","decl":{"start":{"line":19,"column":34},"end":{"line":19,"column":35}},"loc":{"start":{"line":19,"column":35},"end":{"line":28,"column":null}},"line":19}},"branchMap":{"0":{"loc":{"start":{"line":5,"column":2},"end":{"line":7,"column":null}},"type":"if","locations":[{"start":{"line":5,"column":2},"end":{"line":7,"column":null}},{"start":{},"end":{}}],"line":5}},"s":{"0":1,"1":3,"2":0,"3":3,"4":1,"5":1},"f":{"0":3,"1":1},"b":{"0":[0,3]},"meta":{"lastBranch":1,"lastFunction":2,"lastStatement":6,"seen":{"s:4:34:17:Infinity":0,"f:4:34:4:35":0,"b:5:2:7:Infinity:undefined:undefined:undefined:undefined":0,"s:5:2:7:Infinity":1,"s:6:4:6:Infinity":2,"s:9:2:16:Infinity":3,"s:19:34:28:Infinity":4,"f:19:34:19:35":1,"s:20:2:27:Infinity":5}}}
,"/Users/yudhistiroagung/Projects/vibekeun-template/react-vibekeun-template/src/data/profiles/profile-repository-impl.ts": {"path":"/Users/yudhistiroagung/Projects/vibekeun-template/react-vibekeun-template/src/data/profiles/profile-repository-impl.ts","statementMap":{"0":{"start":{"line":21,"column":21},"end":{"line":21,"column":null}},"1":{"start":{"line":22,"column":4},"end":{"line":22,"column":null}},"2":{"start":{"line":26,"column":19},"end":{"line":26,"column":null}},"3":{"start":{"line":27,"column":4},"end":{"line":27,"column":null}},"4":{"start":{"line":31,"column":16},"end":{"line":31,"column":null}},"5":{"start":{"line":32,"column":15},"end":{"line":35,"column":null}},"6":{"start":{"line":36,"column":4},"end":{"line":40,"column":null}},"7":{"start":{"line":44,"column":4},"end":{"line":44,"column":null}},"8":{"start":{"line":45,"column":20},"end":{"line":45,"column":null}},"9":{"start":{"line":46,"column":4},"end":{"line":48,"column":null}},"10":{"start":{"line":47,"column":6},"end":{"line":47,"column":null}},"11":{"start":{"line":49,"column":4},"end":{"line":49,"column":null}},"12":{"start":{"line":53,"column":4},"end":{"line":53,"column":null}},"13":{"start":{"line":57,"column":21},"end":{"line":57,"column":null}},"14":{"start":{"line":58,"column":4},"end":{"line":58,"column":null}},"15":{"start":{"line":62,"column":4},"end":{"line":62,"column":null}},"16":{"start":{"line":17,"column":21},"end":{"line":17,"column":45}},"17":{"start":{"line":13,"column":2},"end":{"line":13,"column":null}}},"fnMap":{"0":{"name":"(anonymous_0)","decl":{"start":{"line":20,"column":8},"end":{"line":20,"column":37}},"loc":{"start":{"line":20,"column":37},"end":{"line":23,"column":null}},"line":20},"1":{"name":"(anonymous_1)","decl":{"start":{"line":25,"column":8},"end":{"line":25,"column":16}},"loc":{"start":{"line":25,"column":58},"end":{"line":28,"column":null}},"line":25},"2":{"name":"(anonymous_2)","decl":{"start":{"line":30,"column":8},"end":{"line":30,"column":15}},"loc":{"start":{"line":30,"column":77},"end":{"line":41,"column":null}},"line":30},"3":{"name":"(anonymous_3)","decl":{"start":{"line":43,"column":8},"end":{"line":43,"column":15}},"loc":{"start":{"line":43,"column":72},"end":{"line":50,"column":null}},"line":43},"4":{"name":"(anonymous_4)","decl":{"start":{"line":52,"column":8},"end":{"line":52,"column":15}},"loc":{"start":{"line":52,"column":42},"end":{"line":54,"column":null}},"line":52},"5":{"name":"(anonymous_5)","decl":{"start":{"line":56,"column":8},"end":{"line":56,"column":16}},"loc":{"start":{"line":56,"column":52},"end":{"line":59,"column":null}},"line":56},"6":{"name":"(anonymous_6)","decl":{"start":{"line":61,"column":8},"end":{"line":61,"column":31}},"loc":{"start":{"line":61,"column":31},"end":{"line":63,"column":null}},"line":61},"7":{"name":"(anonymous_7)","decl":{"start":{"line":15,"column":2},"end":{"line":15,"column":null}},"loc":{"start":{"line":18,"column":4},"end":{"line":18,"column":null}},"line":18}},"branchMap":{"0":{"loc":{"start":{"line":27,"column":11},"end":{"line":27,"column":null}},"type":"cond-expr","locations":[{"start":{"line":27,"column":11},"end":{"line":27,"column":52}},{"start":{"line":27,"column":52},"end":{"line":27,"column":null}}],"line":27},"1":{"loc":{"start":{"line":46,"column":4},"end":{"line":48,"column":null}},"type":"if","locations":[{"start":{"line":46,"column":4},"end":{"line":48,"column":null}},{"start":{},"end":{}}],"line":46}},"s":{"0":1,"1":1,"2":4,"3":4,"4":1,"5":1,"6":1,"7":2,"8":2,"9":2,"10":1,"11":1,"12":1,"13":1,"14":1,"15":1,"16":9,"17":1},"f":{"0":1,"1":4,"2":1,"3":2,"4":1,"5":1,"6":1,"7":9},"b":{"0":[2,2],"1":[1,1]},"meta":{"lastBranch":2,"lastFunction":8,"lastStatement":18,"seen":{"f:20:8:20:37":0,"s:21:21:21:Infinity":0,"s:22:4:22:Infinity":1,"f:25:8:25:16":1,"s:26:19:26:Infinity":2,"s:27:4:27:Infinity":3,"b:27:11:27:52:27:52:27:Infinity":0,"f:30:8:30:15":2,"s:31:16:31:Infinity":4,"s:32:15:35:Infinity":5,"s:36:4:40:Infinity":6,"f:43:8:43:15":3,"s:44:4:44:Infinity":7,"s:45:20:45:Infinity":8,"b:46:4:48:Infinity:undefined:undefined:undefined:undefined":1,"s:46:4:48:Infinity":9,"s:47:6:47:Infinity":10,"s:49:4:49:Infinity":11,"f:52:8:52:15":4,"s:53:4:53:Infinity":12,"f:56:8:56:16":5,"s:57:21:57:Infinity":13,"s:58:4:58:Infinity":14,"f:61:8:61:31":6,"s:62:4:62:Infinity":15,"f:15:2:15:Infinity":7,"s:17:21:17:45":16,"s:13:2:13:Infinity":17}}}
,"/Users/yudhistiroagung/Projects/vibekeun-template/react-vibekeun-template/src/data/profiles/datasources/local/profile-local-datasource.ts": {"path":"/Users/yudhistiroagung/Projects/vibekeun-template/react-vibekeun-template/src/data/profiles/datasources/local/profile-local-datasource.ts","statementMap":{"0":{"start":{"line":16,"column":4},"end":{"line":16,"column":null}},"1":{"start":{"line":20,"column":4},"end":{"line":20,"column":null}},"2":{"start":{"line":24,"column":4},"end":{"line":24,"column":null}},"3":{"start":{"line":31,"column":4},"end":{"line":31,"column":null}},"4":{"start":{"line":35,"column":4},"end":{"line":35,"column":null}},"5":{"start":{"line":39,"column":4},"end":{"line":39,"column":null}},"6":{"start":{"line":43,"column":4},"end":{"line":43,"column":null}},"7":{"start":{"line":12,"column":51},"end":{"line":12,"column":73}},"8":{"start":{"line":9,"column":2},"end":{"line":9,"column":null}}},"fnMap":{"0":{"name":"(anonymous_0)","decl":{"start":{"line":15,"column":8},"end":{"line":15,"column":48}},"loc":{"start":{"line":15,"column":48},"end":{"line":17,"column":null}},"line":15},"1":{"name":"(anonymous_1)","decl":{"start":{"line":19,"column":8},"end":{"line":19,"column":19}},"loc":{"start":{"line":19,"column":67},"end":{"line":21,"column":null}},"line":19},"2":{"name":"(anonymous_2)","decl":{"start":{"line":23,"column":8},"end":{"line":23,"column":19}},"loc":{"start":{"line":23,"column":60},"end":{"line":25,"column":null}},"line":23},"3":{"name":"(anonymous_3)","decl":{"start":{"line":27,"column":8},"end":{"line":27,"column":null}},"loc":{"start":{"line":30,"column":19},"end":{"line":32,"column":null}},"line":30},"4":{"name":"(anonymous_4)","decl":{"start":{"line":34,"column":8},"end":{"line":34,"column":22}},"loc":{"start":{"line":34,"column":49},"end":{"line":36,"column":null}},"line":34},"5":{"name":"(anonymous_5)","decl":{"start":{"line":38,"column":8},"end":{"line":38,"column":24}},"loc":{"start":{"line":38,"column":66},"end":{"line":40,"column":null}},"line":38},"6":{"name":"(anonymous_6)","decl":{"start":{"line":42,"column":8},"end":{"line":42,"column":39}},"loc":{"start":{"line":42,"column":39},"end":{"line":44,"column":null}},"line":42},"7":{"name":"(anonymous_7)","decl":{"start":{"line":11,"column":2},"end":{"line":11,"column":null}},"loc":{"start":{"line":13,"column":4},"end":{"line":13,"column":null}},"line":13}},"branchMap":{},"s":{"0":1,"1":1,"2":1,"3":1,"4":1,"5":1,"6":1,"7":7,"8":2},"f":{"0":1,"1":1,"2":1,"3":1,"4":1,"5":1,"6":1,"7":7},"b":{},"meta":{"lastBranch":0,"lastFunction":8,"lastStatement":9,"seen":{"f:15:8:15:48":0,"s:16:4:16:Infinity":0,"f:19:8:19:19":1,"s:20:4:20:Infinity":1,"f:23:8:23:19":2,"s:24:4:24:Infinity":2,"f:27:8:27:Infinity":3,"s:31:4:31:Infinity":3,"f:34:8:34:22":4,"s:35:4:35:Infinity":4,"f:38:8:38:24":5,"s:39:4:39:Infinity":5,"f:42:8:42:39":6,"s:43:4:43:Infinity":6,"f:11:2:11:Infinity":7,"s:12:51:12:73":7,"s:9:2:9:Infinity":8}}}
,"/Users/yudhistiroagung/Projects/vibekeun-template/react-vibekeun-template/src/data/profiles/datasources/local/db/index.ts": {"path":"/Users/yudhistiroagung/Projects/vibekeun-template/react-vibekeun-template/src/data/profiles/datasources/local/db/index.ts","statementMap":{},"fnMap":{},"branchMap":{},"s":{},"f":{},"b":{},"meta":{"lastBranch":0,"lastFunction":0,"lastStatement":0,"seen":{}}}
,"/Users/yudhistiroagung/Projects/vibekeun-template/react-vibekeun-template/src/data/profiles/mapper/profile-mapper.ts": {"path":"/Users/yudhistiroagung/Projects/vibekeun-template/react-vibekeun-template/src/data/profiles/mapper/profile-mapper.ts","statementMap":{"0":{"start":{"line":4,"column":37},"end":{"line":8,"column":null}},"1":{"start":{"line":4,"column":74},"end":{"line":8,"column":null}},"2":{"start":{"line":10,"column":37},"end":{"line":14,"column":null}},"3":{"start":{"line":10,"column":74},"end":{"line":14,"column":null}}},"fnMap":{"0":{"name":"(anonymous_0)","decl":{"start":{"line":4,"column":37},"end":{"line":4,"column":38}},"loc":{"start":{"line":4,"column":74},"end":{"line":8,"column":null}},"line":4},"1":{"name":"(anonymous_1)","decl":{"start":{"line":10,"column":37},"end":{"line":10,"column":38}},"loc":{"start":{"line":10,"column":74},"end":{"line":14,"column":null}},"line":10}},"branchMap":{},"s":{"0":1,"1":3,"2":1,"3":1},"f":{"0":3,"1":1},"b":{},"meta":{"lastBranch":0,"lastFunction":2,"lastStatement":4,"seen":{"s:4:37:8:Infinity":0,"f:4:37:4:38":0,"s:4:74:8:Infinity":1,"s:10:37:14:Infinity":2,"f:10:37:10:38":1,"s:10:74:14:Infinity":3}}}
,"/Users/yudhistiroagung/Projects/vibekeun-template/react-vibekeun-template/src/data/tasks/task-repository-impl.ts": {"path":"/Users/yudhistiroagung/Projects/vibekeun-template/react-vibekeun-template/src/data/tasks/task-repository-impl.ts","statementMap":{"0":{"start":{"line":17,"column":21},"end":{"line":17,"column":null}},"1":{"start":{"line":18,"column":4},"end":{"line":18,"column":null}},"2":{"start":{"line":22,"column":21},"end":{"line":22,"column":null}},"3":{"start":{"line":23,"column":4},"end":{"line":23,"column":null}},"4":{"start":{"line":27,"column":19},"end":{"line":27,"column":null}},"5":{"start":{"line":28,"column":4},"end":{"line":28,"column":null}},"6":{"start":{"line":32,"column":19},"end":{"line":32,"column":null}},"7":{"start":{"line":33,"column":4},"end":{"line":33,"column":null}},"8":{"start":{"line":37,"column":21},"end":{"line":37,"column":null}},"9":{"start":{"line":38,"column":4},"end":{"line":38,"column":null}},"10":{"start":{"line":42,"column":4},"end":{"line":42,"column":null}},"11":{"start":{"line":13,"column":56},"end":{"line":13,"column":77}},"12":{"start":{"line":10,"column":2},"end":{"line":10,"column":null}}},"fnMap":{"0":{"name":"(anonymous_0)","decl":{"start":{"line":16,"column":8},"end":{"line":16,"column":34}},"loc":{"start":{"line":16,"column":34},"end":{"line":19,"column":null}},"line":16},"1":{"name":"(anonymous_1)","decl":{"start":{"line":21,"column":8},"end":{"line":21,"column":30}},"loc":{"start":{"line":21,"column":80},"end":{"line":24,"column":null}},"line":21},"2":{"name":"(anonymous_2)","decl":{"start":{"line":26,"column":8},"end":{"line":26,"column":15}},"loc":{"start":{"line":26,"column":68},"end":{"line":29,"column":null}},"line":26},"3":{"name":"(anonymous_3)","decl":{"start":{"line":31,"column":8},"end":{"line":31,"column":15}},"loc":{"start":{"line":31,"column":63},"end":{"line":34,"column":null}},"line":31},"4":{"name":"(anonymous_4)","decl":{"start":{"line":36,"column":8},"end":{"line":36,"column":16}},"loc":{"start":{"line":36,"column":46},"end":{"line":39,"column":null}},"line":36},"5":{"name":"(anonymous_5)","decl":{"start":{"line":41,"column":8},"end":{"line":41,"column":31}},"loc":{"start":{"line":41,"column":31},"end":{"line":43,"column":null}},"line":41},"6":{"name":"(anonymous_6)","decl":{"start":{"line":12,"column":2},"end":{"line":12,"column":null}},"loc":{"start":{"line":14,"column":4},"end":{"line":14,"column":null}},"line":14}},"branchMap":{},"s":{"0":1,"1":1,"2":0,"3":0,"4":0,"5":0,"6":0,"7":0,"8":1,"9":1,"10":1,"11":3,"12":1},"f":{"0":1,"1":0,"2":0,"3":0,"4":1,"5":1,"6":3},"b":{},"meta":{"lastBranch":0,"lastFunction":7,"lastStatement":13,"seen":{"f:16:8:16:34":0,"s:17:21:17:Infinity":0,"s:18:4:18:Infinity":1,"f:21:8:21:30":1,"s:22:21:22:Infinity":2,"s:23:4:23:Infinity":3,"f:26:8:26:15":2,"s:27:19:27:Infinity":4,"s:28:4:28:Infinity":5,"f:31:8:31:15":3,"s:32:19:32:Infinity":6,"s:33:4:33:Infinity":7,"f:36:8:36:16":4,"s:37:21:37:Infinity":8,"s:38:4:38:Infinity":9,"f:41:8:41:31":5,"s:42:4:42:Infinity":10,"f:12:2:12:Infinity":6,"s:13:56:13:77":11,"s:10:2:10:Infinity":12}}}
,"/Users/yudhistiroagung/Projects/vibekeun-template/react-vibekeun-template/src/data/tasks/datasources/local/task-local-datasource.ts": {"path":"/Users/yudhistiroagung/Projects/vibekeun-template/react-vibekeun-template/src/data/tasks/datasources/local/task-local-datasource.ts","statementMap":{"0":{"start":{"line":14,"column":4},"end":{"line":14,"column":null}},"1":{"start":{"line":18,"column":4},"end":{"line":18,"column":null}},"2":{"start":{"line":18,"column":71},"end":{"line":18,"column":88}},"3":{"start":{"line":22,"column":15},"end":{"line":22,"column":null}},"4":{"start":{"line":23,"column":4},"end":{"line":23,"column":null}},"5":{"start":{"line":27,"column":4},"end":{"line":27,"column":null}},"6":{"start":{"line":28,"column":20},"end":{"line":28,"column":null}},"7":{"start":{"line":29,"column":4},"end":{"line":29,"column":null}},"8":{"start":{"line":29,"column":18},"end":{"line":29,"column":null}},"9":{"start":{"line":30,"column":4},"end":{"line":30,"column":null}},"10":{"start":{"line":34,"column":4},"end":{"line":34,"column":null}},"11":{"start":{"line":38,"column":4},"end":{"line":38,"column":null}},"12":{"start":{"line":11,"column":58},"end":{"line":11,"column":74}},"13":{"start":{"line":9,"column":2},"end":{"line":9,"column":null}}},"fnMap":{"0":{"name":"(anonymous_0)","decl":{"start":{"line":13,"column":8},"end":{"line":13,"column":42}},"loc":{"start":{"line":13,"column":42},"end":{"line":15,"column":null}},"line":13},"1":{"name":"(anonymous_1)","decl":{"start":{"line":17,"column":8},"end":{"line":17,"column":33}},"loc":{"start":{"line":17,"column":89},"end":{"line":19,"column":null}},"line":17},"2":{"name":"(anonymous_2)","decl":{"start":{"line":18,"column":66},"end":{"line":18,"column":71}},"loc":{"start":{"line":18,"column":71},"end":{"line":18,"column":88}},"line":18},"3":{"name":"(anonymous_3)","decl":{"start":{"line":21,"column":8},"end":{"line":21,"column":19}},"loc":{"start":{"line":21,"column":70},"end":{"line":24,"column":null}},"line":21},"4":{"name":"(anonymous_4)","decl":{"start":{"line":26,"column":8},"end":{"line":26,"column":19}},"loc":{"start":{"line":26,"column":79},"end":{"line":31,"column":null}},"line":26},"5":{"name":"(anonymous_5)","decl":{"start":{"line":33,"column":8},"end":{"line":33,"column":21}},"loc":{"start":{"line":33,"column":57},"end":{"line":35,"column":null}},"line":33},"6":{"name":"(anonymous_6)","decl":{"start":{"line":37,"column":8},"end":{"line":37,"column":36}},"loc":{"start":{"line":37,"column":36},"end":{"line":39,"column":null}},"line":37},"7":{"name":"(anonymous_7)","decl":{"start":{"line":11,"column":2},"end":{"line":11,"column":14}},"loc":{"start":{"line":11,"column":76},"end":{"line":11,"column":null}},"line":11}},"branchMap":{"0":{"loc":{"start":{"line":29,"column":4},"end":{"line":29,"column":null}},"type":"if","locations":[{"start":{"line":29,"column":4},"end":{"line":29,"column":null}},{"start":{},"end":{}}],"line":29}},"s":{"0":1,"1":0,"2":0,"3":0,"4":0,"5":0,"6":0,"7":0,"8":0,"9":0,"10":1,"11":1,"12":3,"13":2},"f":{"0":1,"1":0,"2":0,"3":0,"4":0,"5":1,"6":1,"7":3},"b":{"0":[0,0]},"meta":{"lastBranch":1,"lastFunction":8,"lastStatement":14,"seen":{"f:13:8:13:42":0,"s:14:4:14:Infinity":0,"f:17:8:17:33":1,"s:18:4:18:Infinity":1,"f:18:66:18:71":2,"s:18:71:18:88":2,"f:21:8:21:19":3,"s:22:15:22:Infinity":3,"s:23:4:23:Infinity":4,"f:26:8:26:19":4,"s:27:4:27:Infinity":5,"s:28:20:28:Infinity":6,"b:29:4:29:Infinity:undefined:undefined:undefined:undefined":0,"s:29:4:29:Infinity":7,"s:29:18:29:Infinity":8,"s:30:4:30:Infinity":9,"f:33:8:33:21":5,"s:34:4:34:Infinity":10,"f:37:8:37:36":6,"s:38:4:38:Infinity":11,"f:11:2:11:14":7,"s:11:58:11:74":12,"s:9:2:9:Infinity":13}}}
,"/Users/yudhistiroagung/Projects/vibekeun-template/react-vibekeun-template/src/data/tasks/datasources/local/db/index.ts": {"path":"/Users/yudhistiroagung/Projects/vibekeun-template/react-vibekeun-template/src/data/tasks/datasources/local/db/index.ts","statementMap":{},"fnMap":{},"branchMap":{},"s":{},"f":{},"b":{},"meta":{"lastBranch":0,"lastFunction":0,"lastStatement":0,"seen":{}}}
,"/Users/yudhistiroagung/Projects/vibekeun-template/react-vibekeun-template/src/data/tasks/mapper/task-mapper.ts": {"path":"/Users/yudhistiroagung/Projects/vibekeun-template/react-vibekeun-template/src/data/tasks/mapper/task-mapper.ts","statementMap":{"0":{"start":{"line":4,"column":34},"end":{"line":18,"column":null}},"1":{"start":{"line":5,"column":2},"end":{"line":7,"column":null}},"2":{"start":{"line":6,"column":4},"end":{"line":6,"column":null}},"3":{"start":{"line":9,"column":2},"end":{"line":17,"column":null}},"4":{"start":{"line":20,"column":34},"end":{"line":30,"column":null}},"5":{"start":{"line":21,"column":2},"end":{"line":29,"column":null}}},"fnMap":{"0":{"name":"(anonymous_0)","decl":{"start":{"line":4,"column":34},"end":{"line":4,"column":35}},"loc":{"start":{"line":4,"column":35},"end":{"line":18,"column":null}},"line":4},"1":{"name":"(anonymous_1)","decl":{"start":{"line":20,"column":34},"end":{"line":20,"column":35}},"loc":{"start":{"line":20,"column":35},"end":{"line":30,"column":null}},"line":20}},"branchMap":{"0":{"loc":{"start":{"line":5,"column":2},"end":{"line":7,"column":null}},"type":"if","locations":[{"start":{"line":5,"column":2},"end":{"line":7,"column":null}},{"start":{},"end":{}}],"line":5}},"s":{"0":1,"1":1,"2":0,"3":1,"4":1,"5":1},"f":{"0":1,"1":1},"b":{"0":[0,1]},"meta":{"lastBranch":1,"lastFunction":2,"lastStatement":6,"seen":{"s:4:34:18:Infinity":0,"f:4:34:4:35":0,"b:5:2:7:Infinity:undefined:undefined:undefined:undefined":0,"s:5:2:7:Infinity":1,"s:6:4:6:Infinity":2,"s:9:2:17:Infinity":3,"s:20:34:30:Infinity":4,"f:20:34:20:35":1,"s:21:2:29:Infinity":5}}}
,"/Users/yudhistiroagung/Projects/vibekeun-template/react-vibekeun-template/src/data/todos/todo-repository-impl.ts": {"path":"/Users/yudhistiroagung/Projects/vibekeun-template/react-vibekeun-template/src/data/todos/todo-repository-impl.ts","statementMap":{"0":{"start":{"line":26,"column":16},"end":{"line":26,"column":null}},"1":{"start":{"line":28,"column":4},"end":{"line":31,"column":null}},"2":{"start":{"line":29,"column":6},"end":{"line":29,"column":null}},"3":{"start":{"line":30,"column":6},"end":{"line":30,"column":null}},"4":{"start":{"line":33,"column":4},"end":{"line":33,"column":null}},"5":{"start":{"line":21,"column":12},"end":{"line":21,"column":45}},"6":{"start":{"line":22,"column":48},"end":{"line":22,"column":79}},"7":{"start":{"line":17,"column":2},"end":{"line":17,"column":null}}},"fnMap":{"0":{"name":"(anonymous_0)","decl":{"start":{"line":25,"column":8},"end":{"line":25,"column":19}},"loc":{"start":{"line":25,"column":19},"end":{"line":34,"column":null}},"line":25},"1":{"name":"(anonymous_1)","decl":{"start":{"line":19,"column":2},"end":{"line":19,"column":null}},"loc":{"start":{"line":23,"column":4},"end":{"line":23,"column":null}},"line":23}},"branchMap":{"0":{"loc":{"start":{"line":28,"column":4},"end":{"line":31,"column":null}},"type":"if","locations":[{"start":{"line":28,"column":4},"end":{"line":31,"column":null}},{"start":{},"end":{}}],"line":28}},"s":{"0":2,"1":2,"2":1,"3":1,"4":2,"5":2,"6":2,"7":1},"f":{"0":2,"1":2},"b":{"0":[1,1]},"meta":{"lastBranch":1,"lastFunction":2,"lastStatement":8,"seen":{"f:25:8:25:19":0,"s:26:16:26:Infinity":0,"b:28:4:31:Infinity:undefined:undefined:undefined:undefined":0,"s:28:4:31:Infinity":1,"s:29:6:29:Infinity":2,"s:30:6:30:Infinity":3,"s:33:4:33:Infinity":4,"f:19:2:19:Infinity":1,"s:21:12:21:45":5,"s:22:48:22:79":6,"s:17:2:17:Infinity":7}}}
,"/Users/yudhistiroagung/Projects/vibekeun-template/react-vibekeun-template/src/data/todos/datasources/local/todo-local-datasource.ts": {"path":"/Users/yudhistiroagung/Projects/vibekeun-template/react-vibekeun-template/src/data/todos/datasources/local/todo-local-datasource.ts","statementMap":{"0":{"start":{"line":14,"column":4},"end":{"line":14,"column":null}},"1":{"start":{"line":18,"column":4},"end":{"line":18,"column":null}},"2":{"start":{"line":11,"column":58},"end":{"line":11,"column":74}},"3":{"start":{"line":9,"column":2},"end":{"line":9,"column":null}}},"fnMap":{"0":{"name":"(anonymous_0)","decl":{"start":{"line":13,"column":8},"end":{"line":13,"column":17}},"loc":{"start":{"line":13,"column":53},"end":{"line":15,"column":null}},"line":13},"1":{"name":"(anonymous_1)","decl":{"start":{"line":17,"column":8},"end":{"line":17,"column":19}},"loc":{"start":{"line":17,"column":19},"end":{"line":19,"column":null}},"line":17},"2":{"name":"(anonymous_2)","decl":{"start":{"line":11,"column":2},"end":{"line":11,"column":14}},"loc":{"start":{"line":11,"column":76},"end":{"line":11,"column":null}},"line":11}},"branchMap":{},"s":{"0":1,"1":1,"2":2,"3":2},"f":{"0":1,"1":1,"2":2},"b":{},"meta":{"lastBranch":0,"lastFunction":3,"lastStatement":4,"seen":{"f:13:8:13:17":0,"s:14:4:14:Infinity":0,"f:17:8:17:19":1,"s:18:4:18:Infinity":1,"f:11:2:11:14":2,"s:11:58:11:74":2,"s:9:2:9:Infinity":3}}}
,"/Users/yudhistiroagung/Projects/vibekeun-template/react-vibekeun-template/src/data/todos/datasources/local/db/index.ts": {"path":"/Users/yudhistiroagung/Projects/vibekeun-template/react-vibekeun-template/src/data/todos/datasources/local/db/index.ts","statementMap":{},"fnMap":{},"branchMap":{},"s":{},"f":{},"b":{},"meta":{"lastBranch":0,"lastFunction":0,"lastStatement":0,"seen":{}}}
,"/Users/yudhistiroagung/Projects/vibekeun-template/react-vibekeun-template/src/data/todos/datasources/remote/todo-remote-datasource.ts": {"path":"/Users/yudhistiroagung/Projects/vibekeun-template/react-vibekeun-template/src/data/todos/datasources/remote/todo-remote-datasource.ts","statementMap":{"0":{"start":{"line":12,"column":4},"end":{"line":12,"column":null}},"1":{"start":{"line":16,"column":4},"end":{"line":16,"column":null}},"2":{"start":{"line":8,"column":2},"end":{"line":8,"column":null}}},"fnMap":{"0":{"name":"(anonymous_0)","decl":{"start":{"line":10,"column":8},"end":{"line":10,"column":17}},"loc":{"start":{"line":10,"column":54},"end":{"line":13,"column":null}},"line":10},"1":{"name":"(anonymous_1)","decl":{"start":{"line":15,"column":8},"end":{"line":15,"column":19}},"loc":{"start":{"line":15,"column":19},"end":{"line":17,"column":null}},"line":15}},"branchMap":{},"s":{"0":1,"1":1,"2":2},"f":{"0":1,"1":1},"b":{},"meta":{"lastBranch":0,"lastFunction":2,"lastStatement":3,"seen":{"f:10:8:10:17":0,"s:12:4:12:Infinity":0,"f:15:8:15:19":1,"s:16:4:16:Infinity":1,"s:8:2:8:Infinity":2}}}
,"/Users/yudhistiroagung/Projects/vibekeun-template/react-vibekeun-template/src/data/todos/mapper/todo-mapper.ts": {"path":"/Users/yudhistiroagung/Projects/vibekeun-template/react-vibekeun-template/src/data/todos/mapper/todo-mapper.ts","statementMap":{"0":{"start":{"line":5,"column":34},"end":{"line":12,"column":null}},"1":{"start":{"line":5,"column":69},"end":{"line":12,"column":null}},"2":{"start":{"line":14,"column":31},"end":{"line":21,"column":null}},"3":{"start":{"line":14,"column":60},"end":{"line":21,"column":null}},"4":{"start":{"line":23,"column":34},"end":{"line":30,"column":null}},"5":{"start":{"line":23,"column":63},"end":{"line":30,"column":null}}},"fnMap":{"0":{"name":"(anonymous_0)","decl":{"start":{"line":5,"column":34},"end":{"line":5,"column":35}},"loc":{"start":{"line":5,"column":69},"end":{"line":12,"column":null}},"line":5},"1":{"name":"(anonymous_1)","decl":{"start":{"line":14,"column":31},"end":{"line":14,"column":32}},"loc":{"start":{"line":14,"column":60},"end":{"line":21,"column":null}},"line":14},"2":{"name":"(anonymous_2)","decl":{"start":{"line":23,"column":34},"end":{"line":23,"column":35}},"loc":{"start":{"line":23,"column":63},"end":{"line":30,"column":null}},"line":23}},"branchMap":{},"s":{"0":1,"1":1,"2":1,"3":1,"4":1,"5":1},"f":{"0":1,"1":1,"2":1},"b":{},"meta":{"lastBranch":0,"lastFunction":3,"lastStatement":6,"seen":{"s:5:34:12:Infinity":0,"f:5:34:5:35":0,"s:5:69:12:Infinity":1,"s:14:31:21:Infinity":2,"f:14:31:14:32":1,"s:14:60:21:Infinity":3,"s:23:34:30:Infinity":4,"f:23:34:23:35":2,"s:23:63:30:Infinity":5}}}
,"/Users/yudhistiroagung/Projects/vibekeun-template/react-vibekeun-template/src/domain/goals/goal-repository.ts": {"path":"/Users/yudhistiroagung/Projects/vibekeun-template/react-vibekeun-template/src/domain/goals/goal-repository.ts","statementMap":{"0":{"start":{"line":13,"column":17},"end":{"line":13,"column":null}},"1":{"start":{"line":14,"column":15},"end":{"line":14,"column":null}}},"fnMap":{"0":{"name":"(anonymous_0)","decl":{"start":{"line":13,"column":17},"end":{"line":13,"column":null}},"loc":{"start":{"line":13,"column":17},"end":{"line":15,"column":null}},"line":13}},"branchMap":{"0":{"loc":{"start":{"line":13,"column":17},"end":{"line":13,"column":null}},"type":"binary-expr","locations":[{"start":{"line":13,"column":17},"end":{"line":13,"column":null}},{"start":{"line":13,"column":17},"end":{"line":13,"column":null}}],"line":13}},"s":{"0":10,"1":10},"f":{"0":10},"b":{"0":[10,10]},"meta":{"lastBranch":1,"lastFunction":1,"lastStatement":2,"seen":{"s:13:17:13:Infinity":0,"f:13:17:13:Infinity":0,"s:14:15:14:Infinity":1,"b:13:17:13:Infinity:13:17:13:Infinity":0}}}
,"/Users/yudhistiroagung/Projects/vibekeun-template/react-vibekeun-template/src/domain/goals/usecases/bulk-add-goals.ts": {"path":"/Users/yudhistiroagung/Projects/vibekeun-template/react-vibekeun-template/src/domain/goals/usecases/bulk-add-goals.ts","statementMap":{"0":{"start":{"line":20,"column":4},"end":{"line":20,"column":null}},"1":{"start":{"line":17,"column":61},"end":{"line":17,"column":91}},"2":{"start":{"line":15,"column":2},"end":{"line":15,"column":null}}},"fnMap":{"0":{"name":"(anonymous_0)","decl":{"start":{"line":19,"column":8},"end":{"line":19,"column":12}},"loc":{"start":{"line":19,"column":47},"end":{"line":21,"column":null}},"line":19},"1":{"name":"(anonymous_1)","decl":{"start":{"line":17,"column":2},"end":{"line":17,"column":14}},"loc":{"start":{"line":17,"column":93},"end":{"line":17,"column":null}},"line":17}},"branchMap":{},"s":{"0":1,"1":1,"2":1},"f":{"0":1,"1":1},"b":{},"meta":{"lastBranch":0,"lastFunction":2,"lastStatement":3,"seen":{"f:19:8:19:12":0,"s:20:4:20:Infinity":0,"f:17:2:17:14":1,"s:17:61:17:91":1,"s:15:2:15:Infinity":2}}}
,"/Users/yudhistiroagung/Projects/vibekeun-template/react-vibekeun-template/src/domain/goals/usecases/clear-goals.ts": {"path":"/Users/yudhistiroagung/Projects/vibekeun-template/react-vibekeun-template/src/domain/goals/usecases/clear-goals.ts","statementMap":{"0":{"start":{"line":17,"column":4},"end":{"line":17,"column":null}},"1":{"start":{"line":14,"column":61},"end":{"line":14,"column":91}},"2":{"start":{"line":12,"column":2},"end":{"line":12,"column":null}}},"fnMap":{"0":{"name":"(anonymous_0)","decl":{"start":{"line":16,"column":8},"end":{"line":16,"column":31}},"loc":{"start":{"line":16,"column":31},"end":{"line":18,"column":null}},"line":16},"1":{"name":"(anonymous_1)","decl":{"start":{"line":14,"column":2},"end":{"line":14,"column":14}},"loc":{"start":{"line":14,"column":93},"end":{"line":14,"column":null}},"line":14}},"branchMap":{},"s":{"0":1,"1":1,"2":1},"f":{"0":1,"1":1},"b":{},"meta":{"lastBranch":0,"lastFunction":2,"lastStatement":3,"seen":{"f:16:8:16:31":0,"s:17:4:17:Infinity":0,"f:14:2:14:14":1,"s:14:61:14:91":1,"s:12:2:12:Infinity":2}}}
,"/Users/yudhistiroagung/Projects/vibekeun-template/react-vibekeun-template/src/domain/goals/usecases/create-goal.ts": {"path":"/Users/yudhistiroagung/Projects/vibekeun-template/react-vibekeun-template/src/domain/goals/usecases/create-goal.ts","statementMap":{"0":{"start":{"line":20,"column":4},"end":{"line":20,"column":null}},"1":{"start":{"line":17,"column":61},"end":{"line":17,"column":91}},"2":{"start":{"line":15,"column":2},"end":{"line":15,"column":null}}},"fnMap":{"0":{"name":"(anonymous_0)","decl":{"start":{"line":19,"column":8},"end":{"line":19,"column":12}},"loc":{"start":{"line":19,"column":46},"end":{"line":21,"column":null}},"line":19},"1":{"name":"(anonymous_1)","decl":{"start":{"line":17,"column":2},"end":{"line":17,"column":14}},"loc":{"start":{"line":17,"column":93},"end":{"line":17,"column":null}},"line":17}},"branchMap":{},"s":{"0":1,"1":1,"2":1},"f":{"0":1,"1":1},"b":{},"meta":{"lastBranch":0,"lastFunction":2,"lastStatement":3,"seen":{"f:19:8:19:12":0,"s:20:4:20:Infinity":0,"f:17:2:17:14":1,"s:17:61:17:91":1,"s:15:2:15:Infinity":2}}}
,"/Users/yudhistiroagung/Projects/vibekeun-template/react-vibekeun-template/src/domain/goals/usecases/delete-goal.ts": {"path":"/Users/yudhistiroagung/Projects/vibekeun-template/react-vibekeun-template/src/domain/goals/usecases/delete-goal.ts","statementMap":{"0":{"start":{"line":19,"column":4},"end":{"line":19,"column":null}},"1":{"start":{"line":16,"column":61},"end":{"line":16,"column":91}},"2":{"start":{"line":14,"column":2},"end":{"line":14,"column":null}}},"fnMap":{"0":{"name":"(anonymous_0)","decl":{"start":{"line":18,"column":8},"end":{"line":18,"column":12}},"loc":{"start":{"line":18,"column":44},"end":{"line":20,"column":null}},"line":18},"1":{"name":"(anonymous_1)","decl":{"start":{"line":16,"column":2},"end":{"line":16,"column":14}},"loc":{"start":{"line":16,"column":93},"end":{"line":16,"column":null}},"line":16}},"branchMap":{},"s":{"0":1,"1":1,"2":1},"f":{"0":1,"1":1},"b":{},"meta":{"lastBranch":0,"lastFunction":2,"lastStatement":3,"seen":{"f:18:8:18:12":0,"s:19:4:19:Infinity":0,"f:16:2:16:14":1,"s:16:61:16:91":1,"s:14:2:14:Infinity":2}}}
,"/Users/yudhistiroagung/Projects/vibekeun-template/react-vibekeun-template/src/domain/goals/usecases/get-all-goals.ts": {"path":"/Users/yudhistiroagung/Projects/vibekeun-template/react-vibekeun-template/src/domain/goals/usecases/get-all-goals.ts","statementMap":{"0":{"start":{"line":18,"column":4},"end":{"line":18,"column":null}},"1":{"start":{"line":15,"column":61},"end":{"line":15,"column":91}},"2":{"start":{"line":13,"column":2},"end":{"line":13,"column":null}}},"fnMap":{"0":{"name":"(anonymous_0)","decl":{"start":{"line":17,"column":8},"end":{"line":17,"column":31}},"loc":{"start":{"line":17,"column":31},"end":{"line":19,"column":null}},"line":17},"1":{"name":"(anonymous_1)","decl":{"start":{"line":15,"column":2},"end":{"line":15,"column":14}},"loc":{"start":{"line":15,"column":93},"end":{"line":15,"column":null}},"line":15}},"branchMap":{},"s":{"0":1,"1":1,"2":1},"f":{"0":1,"1":1},"b":{},"meta":{"lastBranch":0,"lastFunction":2,"lastStatement":3,"seen":{"f:17:8:17:31":0,"s:18:4:18:Infinity":0,"f:15:2:15:14":1,"s:15:61:15:91":1,"s:13:2:13:Infinity":2}}}
,"/Users/yudhistiroagung/Projects/vibekeun-template/react-vibekeun-template/src/domain/goals/usecases/get-goals-by-profile-id.ts": {"path":"/Users/yudhistiroagung/Projects/vibekeun-template/react-vibekeun-template/src/domain/goals/usecases/get-goals-by-profile-id.ts","statementMap":{"0":{"start":{"line":20,"column":4},"end":{"line":20,"column":null}},"1":{"start":{"line":17,"column":61},"end":{"line":17,"column":91}},"2":{"start":{"line":15,"column":2},"end":{"line":15,"column":null}}},"fnMap":{"0":{"name":"(anonymous_0)","decl":{"start":{"line":19,"column":8},"end":{"line":19,"column":12}},"loc":{"start":{"line":19,"column":51},"end":{"line":21,"column":null}},"line":19},"1":{"name":"(anonymous_1)","decl":{"start":{"line":17,"column":2},"end":{"line":17,"column":14}},"loc":{"start":{"line":17,"column":93},"end":{"line":17,"column":null}},"line":17}},"branchMap":{},"s":{"0":1,"1":1,"2":1},"f":{"0":1,"1":1},"b":{},"meta":{"lastBranch":0,"lastFunction":2,"lastStatement":3,"seen":{"f:19:8:19:12":0,"s:20:4:20:Infinity":0,"f:17:2:17:14":1,"s:17:61:17:91":1,"s:15:2:15:Infinity":2}}}
,"/Users/yudhistiroagung/Projects/vibekeun-template/react-vibekeun-template/src/domain/goals/usecases/update-goal.ts": {"path":"/Users/yudhistiroagung/Projects/vibekeun-template/react-vibekeun-template/src/domain/goals/usecases/update-goal.ts","statementMap":{"0":{"start":{"line":21,"column":4},"end":{"line":21,"column":null}},"1":{"start":{"line":18,"column":61},"end":{"line":18,"column":91}},"2":{"start":{"line":16,"column":2},"end":{"line":16,"column":null}}},"fnMap":{"0":{"name":"(anonymous_0)","decl":{"start":{"line":20,"column":8},"end":{"line":20,"column":12}},"loc":{"start":{"line":20,"column":50},"end":{"line":22,"column":null}},"line":20},"1":{"name":"(anonymous_1)","decl":{"start":{"line":18,"column":2},"end":{"line":18,"column":14}},"loc":{"start":{"line":18,"column":93},"end":{"line":18,"column":null}},"line":18}},"branchMap":{},"s":{"0":1,"1":1,"2":1},"f":{"0":1,"1":1},"b":{},"meta":{"lastBranch":0,"lastFunction":2,"lastStatement":3,"seen":{"f:20:8:20:12":0,"s:21:4:21:Infinity":0,"f:18:2:18:14":1,"s:18:61:18:91":1,"s:16:2:16:Infinity":2}}}
,"/Users/yudhistiroagung/Projects/vibekeun-template/react-vibekeun-template/src/domain/profiles/profile-repository.ts": {"path":"/Users/yudhistiroagung/Projects/vibekeun-template/react-vibekeun-template/src/domain/profiles/profile-repository.ts","statementMap":{"0":{"start":{"line":13,"column":17},"end":{"line":13,"column":null}},"1":{"start":{"line":14,"column":15},"end":{"line":14,"column":null}}},"fnMap":{"0":{"name":"(anonymous_0)","decl":{"start":{"line":13,"column":17},"end":{"line":13,"column":null}},"loc":{"start":{"line":13,"column":17},"end":{"line":15,"column":null}},"line":13}},"branchMap":{"0":{"loc":{"start":{"line":13,"column":17},"end":{"line":13,"column":null}},"type":"binary-expr","locations":[{"start":{"line":13,"column":17},"end":{"line":13,"column":null}},{"start":{"line":13,"column":17},"end":{"line":13,"column":null}}],"line":13}},"s":{"0":10,"1":10},"f":{"0":10},"b":{"0":[10,10]},"meta":{"lastBranch":1,"lastFunction":1,"lastStatement":2,"seen":{"s:13:17:13:Infinity":0,"f:13:17:13:Infinity":0,"s:14:15:14:Infinity":1,"b:13:17:13:Infinity:13:17:13:Infinity":0}}}
,"/Users/yudhistiroagung/Projects/vibekeun-template/react-vibekeun-template/src/domain/profiles/usecases/bulk-add-profiles.ts": {"path":"/Users/yudhistiroagung/Projects/vibekeun-template/react-vibekeun-template/src/domain/profiles/usecases/bulk-add-profiles.ts","statementMap":{"0":{"start":{"line":20,"column":4},"end":{"line":20,"column":null}},"1":{"start":{"line":17,"column":64},"end":{"line":17,"column":100}},"2":{"start":{"line":15,"column":2},"end":{"line":15,"column":null}}},"fnMap":{"0":{"name":"(anonymous_0)","decl":{"start":{"line":19,"column":8},"end":{"line":19,"column":12}},"loc":{"start":{"line":19,"column":50},"end":{"line":21,"column":null}},"line":19},"1":{"name":"(anonymous_1)","decl":{"start":{"line":17,"column":2},"end":{"line":17,"column":14}},"loc":{"start":{"line":17,"column":102},"end":{"line":17,"column":null}},"line":17}},"branchMap":{},"s":{"0":1,"1":1,"2":1},"f":{"0":1,"1":1},"b":{},"meta":{"lastBranch":0,"lastFunction":2,"lastStatement":3,"seen":{"f:19:8:19:12":0,"s:20:4:20:Infinity":0,"f:17:2:17:14":1,"s:17:64:17:100":1,"s:15:2:15:Infinity":2}}}
,"/Users/yudhistiroagung/Projects/vibekeun-template/react-vibekeun-template/src/domain/profiles/usecases/clear-profiles.ts": {"path":"/Users/yudhistiroagung/Projects/vibekeun-template/react-vibekeun-template/src/domain/profiles/usecases/clear-profiles.ts","statementMap":{"0":{"start":{"line":17,"column":4},"end":{"line":17,"column":null}},"1":{"start":{"line":14,"column":64},"end":{"line":14,"column":100}},"2":{"start":{"line":12,"column":2},"end":{"line":12,"column":null}}},"fnMap":{"0":{"name":"(anonymous_0)","decl":{"start":{"line":16,"column":8},"end":{"line":16,"column":31}},"loc":{"start":{"line":16,"column":31},"end":{"line":18,"column":null}},"line":16},"1":{"name":"(anonymous_1)","decl":{"start":{"line":14,"column":2},"end":{"line":14,"column":14}},"loc":{"start":{"line":14,"column":102},"end":{"line":14,"column":null}},"line":14}},"branchMap":{},"s":{"0":1,"1":1,"2":1},"f":{"0":1,"1":1},"b":{},"meta":{"lastBranch":0,"lastFunction":2,"lastStatement":3,"seen":{"f:16:8:16:31":0,"s:17:4:17:Infinity":0,"f:14:2:14:14":1,"s:14:64:14:100":1,"s:12:2:12:Infinity":2}}}
,"/Users/yudhistiroagung/Projects/vibekeun-template/react-vibekeun-template/src/domain/profiles/usecases/create-profile.ts": {"path":"/Users/yudhistiroagung/Projects/vibekeun-template/react-vibekeun-template/src/domain/profiles/usecases/create-profile.ts","statementMap":{"0":{"start":{"line":20,"column":4},"end":{"line":20,"column":null}},"1":{"start":{"line":17,"column":64},"end":{"line":17,"column":100}},"2":{"start":{"line":15,"column":2},"end":{"line":15,"column":null}}},"fnMap":{"0":{"name":"(anonymous_0)","decl":{"start":{"line":19,"column":8},"end":{"line":19,"column":12}},"loc":{"start":{"line":19,"column":49},"end":{"line":21,"column":null}},"line":19},"1":{"name":"(anonymous_1)","decl":{"start":{"line":17,"column":2},"end":{"line":17,"column":14}},"loc":{"start":{"line":17,"column":102},"end":{"line":17,"column":null}},"line":17}},"branchMap":{},"s":{"0":1,"1":1,"2":1},"f":{"0":1,"1":1},"b":{},"meta":{"lastBranch":0,"lastFunction":2,"lastStatement":3,"seen":{"f:19:8:19:12":0,"s:20:4:20:Infinity":0,"f:17:2:17:14":1,"s:17:64:17:100":1,"s:15:2:15:Infinity":2}}}
,"/Users/yudhistiroagung/Projects/vibekeun-template/react-vibekeun-template/src/domain/profiles/usecases/delete-profile.ts": {"path":"/Users/yudhistiroagung/Projects/vibekeun-template/react-vibekeun-template/src/domain/profiles/usecases/delete-profile.ts","statementMap":{"0":{"start":{"line":19,"column":4},"end":{"line":19,"column":null}},"1":{"start":{"line":16,"column":64},"end":{"line":16,"column":100}},"2":{"start":{"line":14,"column":2},"end":{"line":14,"column":null}}},"fnMap":{"0":{"name":"(anonymous_0)","decl":{"start":{"line":18,"column":8},"end":{"line":18,"column":12}},"loc":{"start":{"line":18,"column":44},"end":{"line":20,"column":null}},"line":18},"1":{"name":"(anonymous_1)","decl":{"start":{"line":16,"column":2},"end":{"line":16,"column":14}},"loc":{"start":{"line":16,"column":102},"end":{"line":16,"column":null}},"line":16}},"branchMap":{},"s":{"0":1,"1":1,"2":1},"f":{"0":1,"1":1},"b":{},"meta":{"lastBranch":0,"lastFunction":2,"lastStatement":3,"seen":{"f:18:8:18:12":0,"s:19:4:19:Infinity":0,"f:16:2:16:14":1,"s:16:64:16:100":1,"s:14:2:14:Infinity":2}}}
,"/Users/yudhistiroagung/Projects/vibekeun-template/react-vibekeun-template/src/domain/profiles/usecases/get-all-profiles.ts": {"path":"/Users/yudhistiroagung/Projects/vibekeun-template/react-vibekeun-template/src/domain/profiles/usecases/get-all-profiles.ts","statementMap":{"0":{"start":{"line":18,"column":4},"end":{"line":18,"column":null}},"1":{"start":{"line":15,"column":64},"end":{"line":15,"column":100}},"2":{"start":{"line":13,"column":2},"end":{"line":13,"column":null}}},"fnMap":{"0":{"name":"(anonymous_0)","decl":{"start":{"line":17,"column":8},"end":{"line":17,"column":31}},"loc":{"start":{"line":17,"column":31},"end":{"line":19,"column":null}},"line":17},"1":{"name":"(anonymous_1)","decl":{"start":{"line":15,"column":2},"end":{"line":15,"column":14}},"loc":{"start":{"line":15,"column":102},"end":{"line":15,"column":null}},"line":15}},"branchMap":{},"s":{"0":1,"1":1,"2":1},"f":{"0":1,"1":1},"b":{},"meta":{"lastBranch":0,"lastFunction":2,"lastStatement":3,"seen":{"f:17:8:17:31":0,"s:18:4:18:Infinity":0,"f:15:2:15:14":1,"s:15:64:15:100":1,"s:13:2:13:Infinity":2}}}
,"/Users/yudhistiroagung/Projects/vibekeun-template/react-vibekeun-template/src/domain/profiles/usecases/get-profile-by-id.ts": {"path":"/Users/yudhistiroagung/Projects/vibekeun-template/react-vibekeun-template/src/domain/profiles/usecases/get-profile-by-id.ts","statementMap":{"0":{"start":{"line":20,"column":4},"end":{"line":20,"column":null}},"1":{"start":{"line":17,"column":64},"end":{"line":17,"column":100}},"2":{"start":{"line":15,"column":2},"end":{"line":15,"column":null}}},"fnMap":{"0":{"name":"(anonymous_0)","decl":{"start":{"line":19,"column":8},"end":{"line":19,"column":12}},"loc":{"start":{"line":19,"column":44},"end":{"line":21,"column":null}},"line":19},"1":{"name":"(anonymous_1)","decl":{"start":{"line":17,"column":2},"end":{"line":17,"column":14}},"loc":{"start":{"line":17,"column":102},"end":{"line":17,"column":null}},"line":17}},"branchMap":{},"s":{"0":1,"1":1,"2":1},"f":{"0":1,"1":1},"b":{},"meta":{"lastBranch":0,"lastFunction":2,"lastStatement":3,"seen":{"f:19:8:19:12":0,"s:20:4:20:Infinity":0,"f:17:2:17:14":1,"s:17:64:17:100":1,"s:15:2:15:Infinity":2}}}
,"/Users/yudhistiroagung/Projects/vibekeun-template/react-vibekeun-template/src/domain/profiles/usecases/update-profile.ts": {"path":"/Users/yudhistiroagung/Projects/vibekeun-template/react-vibekeun-template/src/domain/profiles/usecases/update-profile.ts","statementMap":{"0":{"start":{"line":21,"column":4},"end":{"line":21,"column":null}},"1":{"start":{"line":18,"column":64},"end":{"line":18,"column":100}},"2":{"start":{"line":16,"column":2},"end":{"line":16,"column":null}}},"fnMap":{"0":{"name":"(anonymous_0)","decl":{"start":{"line":20,"column":8},"end":{"line":20,"column":12}},"loc":{"start":{"line":20,"column":53},"end":{"line":22,"column":null}},"line":20},"1":{"name":"(anonymous_1)","decl":{"start":{"line":18,"column":2},"end":{"line":18,"column":14}},"loc":{"start":{"line":18,"column":102},"end":{"line":18,"column":null}},"line":18}},"branchMap":{},"s":{"0":1,"1":1,"2":1},"f":{"0":1,"1":1},"b":{},"meta":{"lastBranch":0,"lastFunction":2,"lastStatement":3,"seen":{"f:20:8:20:12":0,"s:21:4:21:Infinity":0,"f:18:2:18:14":1,"s:18:64:18:100":1,"s:16:2:16:Infinity":2}}}
,"/Users/yudhistiroagung/Projects/vibekeun-template/react-vibekeun-template/src/domain/sync/usecases/export-data.ts": {"path":"/Users/yudhistiroagung/Projects/vibekeun-template/react-vibekeun-template/src/domain/sync/usecases/export-data.ts","statementMap":{"0":{"start":{"line":23,"column":21},"end":{"line":23,"column":null}},"1":{"start":{"line":24,"column":18},"end":{"line":24,"column":null}},"2":{"start":{"line":25,"column":18},"end":{"line":25,"column":null}},"3":{"start":{"line":27,"column":17},"end":{"line":31,"column":null}},"4":{"start":{"line":33,"column":4},"end":{"line":35,"column":null}},"5":{"start":{"line":17,"column":54},"end":{"line":17,"column":90}},"6":{"start":{"line":18,"column":51},"end":{"line":18,"column":81}},"7":{"start":{"line":19,"column":51},"end":{"line":19,"column":81}},"8":{"start":{"line":14,"column":2},"end":{"line":14,"column":null}}},"fnMap":{"0":{"name":"(anonymous_0)","decl":{"start":{"line":22,"column":8},"end":{"line":22,"column":31}},"loc":{"start":{"line":22,"column":31},"end":{"line":36,"column":null}},"line":22},"1":{"name":"(anonymous_1)","decl":{"start":{"line":16,"column":2},"end":{"line":16,"column":null}},"loc":{"start":{"line":20,"column":4},"end":{"line":20,"column":null}},"line":20}},"branchMap":{},"s":{"0":1,"1":1,"2":1,"3":1,"4":1,"5":1,"6":1,"7":1,"8":1},"f":{"0":1,"1":1},"b":{},"meta":{"lastBranch":0,"lastFunction":2,"lastStatement":9,"seen":{"f:22:8:22:31":0,"s:23:21:23:Infinity":0,"s:24:18:24:Infinity":1,"s:25:18:25:Infinity":2,"s:27:17:31:Infinity":3,"s:33:4:35:Infinity":4,"f:16:2:16:Infinity":1,"s:17:54:17:90":5,"s:18:51:18:81":6,"s:19:51:19:81":7,"s:14:2:14:Infinity":8}}}
,"/Users/yudhistiroagung/Projects/vibekeun-template/react-vibekeun-template/src/domain/sync/usecases/import-data.ts": {"path":"/Users/yudhistiroagung/Projects/vibekeun-template/react-vibekeun-template/src/domain/sync/usecases/import-data.ts","statementMap":{"0":{"start":{"line":25,"column":17},"end":{"line":25,"column":null}},"1":{"start":{"line":26,"column":17},"end":{"line":26,"column":null}},"2":{"start":{"line":28,"column":4},"end":{"line":28,"column":null}},"3":{"start":{"line":29,"column":4},"end":{"line":29,"column":null}},"4":{"start":{"line":30,"column":4},"end":{"line":30,"column":null}},"5":{"start":{"line":32,"column":4},"end":{"line":34,"column":null}},"6":{"start":{"line":33,"column":6},"end":{"line":33,"column":null}},"7":{"start":{"line":35,"column":4},"end":{"line":37,"column":null}},"8":{"start":{"line":36,"column":6},"end":{"line":36,"column":null}},"9":{"start":{"line":38,"column":4},"end":{"line":40,"column":null}},"10":{"start":{"line":39,"column":6},"end":{"line":39,"column":null}},"11":{"start":{"line":19,"column":54},"end":{"line":19,"column":90}},"12":{"start":{"line":20,"column":51},"end":{"line":20,"column":81}},"13":{"start":{"line":21,"column":51},"end":{"line":21,"column":81}},"14":{"start":{"line":16,"column":2},"end":{"line":16,"column":null}}},"fnMap":{"0":{"name":"(anonymous_0)","decl":{"start":{"line":24,"column":8},"end":{"line":24,"column":12}},"loc":{"start":{"line":24,"column":46},"end":{"line":41,"column":null}},"line":24},"1":{"name":"(anonymous_1)","decl":{"start":{"line":18,"column":2},"end":{"line":18,"column":null}},"loc":{"start":{"line":22,"column":4},"end":{"line":22,"column":null}},"line":22}},"branchMap":{"0":{"loc":{"start":{"line":32,"column":4},"end":{"line":34,"column":null}},"type":"if","locations":[{"start":{"line":32,"column":4},"end":{"line":34,"column":null}},{"start":{},"end":{}}],"line":32},"1":{"loc":{"start":{"line":32,"column":8},"end":{"line":32,"column":51}},"type":"binary-expr","locations":[{"start":{"line":32,"column":8},"end":{"line":32,"column":21}},{"start":{"line":32,"column":25},"end":{"line":32,"column":51}}],"line":32},"2":{"loc":{"start":{"line":35,"column":4},"end":{"line":37,"column":null}},"type":"if","locations":[{"start":{"line":35,"column":4},"end":{"line":37,"column":null}},{"start":{},"end":{}}],"line":35},"3":{"loc":{"start":{"line":35,"column":8},"end":{"line":35,"column":45}},"type":"binary-expr","locations":[{"start":{"line":35,"column":8},"end":{"line":35,"column":18}},{"start":{"line":35,"column":22},"end":{"line":35,"column":45}}],"line":35},"4":{"loc":{"start":{"line":38,"column":4},"end":{"line":40,"column":null}},"type":"if","locations":[{"start":{"line":38,"column":4},"end":{"line":40,"column":null}},{"start":{},"end":{}}],"line":38},"5":{"loc":{"start":{"line":38,"column":8},"end":{"line":38,"column":45}},"type":"binary-expr","locations":[{"start":{"line":38,"column":8},"end":{"line":38,"column":18}},{"start":{"line":38,"column":22},"end":{"line":38,"column":45}}],"line":38}},"s":{"0":1,"1":1,"2":1,"3":1,"4":1,"5":1,"6":0,"7":1,"8":0,"9":1,"10":0,"11":1,"12":1,"13":1,"14":1},"f":{"0":1,"1":1},"b":{"0":[0,1],"1":[1,0],"2":[0,1],"3":[1,0],"4":[0,1],"5":[1,0]},"meta":{"lastBranch":6,"lastFunction":2,"lastStatement":15,"seen":{"f:24:8:24:12":0,"s:25:17:25:Infinity":0,"s:26:17:26:Infinity":1,"s:28:4:28:Infinity":2,"s:29:4:29:Infinity":3,"s:30:4:30:Infinity":4,"b:32:4:34:Infinity:undefined:undefined:undefined:undefined":0,"s:32:4:34:Infinity":5,"b:32:8:32:21:32:25:32:51":1,"s:33:6:33:Infinity":6,"b:35:4:37:Infinity:undefined:undefined:undefined:undefined":2,"s:35:4:37:Infinity":7,"b:35:8:35:18:35:22:35:45":3,"s:36:6:36:Infinity":8,"b:38:4:40:Infinity:undefined:undefined:undefined:undefined":4,"s:38:4:40:Infinity":9,"b:38:8:38:18:38:22:38:45":5,"s:39:6:39:Infinity":10,"f:18:2:18:Infinity":1,"s:19:54:19:90":11,"s:20:51:20:81":12,"s:21:51:21:81":13,"s:16:2:16:Infinity":14}}}
,"/Users/yudhistiroagung/Projects/vibekeun-template/react-vibekeun-template/src/domain/tasks/task-repository.ts": {"path":"/Users/yudhistiroagung/Projects/vibekeun-template/react-vibekeun-template/src/domain/tasks/task-repository.ts","statementMap":{"0":{"start":{"line":12,"column":17},"end":{"line":12,"column":null}},"1":{"start":{"line":13,"column":15},"end":{"line":13,"column":null}}},"fnMap":{"0":{"name":"(anonymous_0)","decl":{"start":{"line":12,"column":17},"end":{"line":12,"column":null}},"loc":{"start":{"line":12,"column":17},"end":{"line":14,"column":null}},"line":12}},"branchMap":{"0":{"loc":{"start":{"line":12,"column":17},"end":{"line":12,"column":null}},"type":"binary-expr","locations":[{"start":{"line":12,"column":17},"end":{"line":12,"column":null}},{"start":{"line":12,"column":17},"end":{"line":12,"column":null}}],"line":12}},"s":{"0":9,"1":9},"f":{"0":9},"b":{"0":[9,9]},"meta":{"lastBranch":1,"lastFunction":1,"lastStatement":2,"seen":{"s:12:17:12:Infinity":0,"f:12:17:12:Infinity":0,"s:13:15:13:Infinity":1,"b:12:17:12:Infinity:12:17:12:Infinity":0}}}
,"/Users/yudhistiroagung/Projects/vibekeun-template/react-vibekeun-template/src/domain/tasks/usecases/bulk-add-tasks.ts": {"path":"/Users/yudhistiroagung/Projects/vibekeun-template/react-vibekeun-template/src/domain/tasks/usecases/bulk-add-tasks.ts","statementMap":{"0":{"start":{"line":20,"column":4},"end":{"line":20,"column":null}},"1":{"start":{"line":17,"column":61},"end":{"line":17,"column":91}},"2":{"start":{"line":15,"column":2},"end":{"line":15,"column":null}}},"fnMap":{"0":{"name":"(anonymous_0)","decl":{"start":{"line":19,"column":8},"end":{"line":19,"column":12}},"loc":{"start":{"line":19,"column":47},"end":{"line":21,"column":null}},"line":19},"1":{"name":"(anonymous_1)","decl":{"start":{"line":17,"column":2},"end":{"line":17,"column":14}},"loc":{"start":{"line":17,"column":93},"end":{"line":17,"column":null}},"line":17}},"branchMap":{},"s":{"0":1,"1":1,"2":1},"f":{"0":1,"1":1},"b":{},"meta":{"lastBranch":0,"lastFunction":2,"lastStatement":3,"seen":{"f:19:8:19:12":0,"s:20:4:20:Infinity":0,"f:17:2:17:14":1,"s:17:61:17:91":1,"s:15:2:15:Infinity":2}}}
,"/Users/yudhistiroagung/Projects/vibekeun-template/react-vibekeun-template/src/domain/tasks/usecases/clear-tasks.ts": {"path":"/Users/yudhistiroagung/Projects/vibekeun-template/react-vibekeun-template/src/domain/tasks/usecases/clear-tasks.ts","statementMap":{"0":{"start":{"line":17,"column":4},"end":{"line":17,"column":null}},"1":{"start":{"line":14,"column":61},"end":{"line":14,"column":91}},"2":{"start":{"line":12,"column":2},"end":{"line":12,"column":null}}},"fnMap":{"0":{"name":"(anonymous_0)","decl":{"start":{"line":16,"column":8},"end":{"line":16,"column":31}},"loc":{"start":{"line":16,"column":31},"end":{"line":18,"column":null}},"line":16},"1":{"name":"(anonymous_1)","decl":{"start":{"line":14,"column":2},"end":{"line":14,"column":14}},"loc":{"start":{"line":14,"column":93},"end":{"line":14,"column":null}},"line":14}},"branchMap":{},"s":{"0":1,"1":1,"2":1},"f":{"0":1,"1":1},"b":{},"meta":{"lastBranch":0,"lastFunction":2,"lastStatement":3,"seen":{"f:16:8:16:31":0,"s:17:4:17:Infinity":0,"f:14:2:14:14":1,"s:14:61:14:91":1,"s:12:2:12:Infinity":2}}}
,"/Users/yudhistiroagung/Projects/vibekeun-template/react-vibekeun-template/src/domain/tasks/usecases/create-task.ts": {"path":"/Users/yudhistiroagung/Projects/vibekeun-template/react-vibekeun-template/src/domain/tasks/usecases/create-task.ts","statementMap":{"0":{"start":{"line":20,"column":4},"end":{"line":20,"column":null}},"1":{"start":{"line":17,"column":61},"end":{"line":17,"column":91}},"2":{"start":{"line":15,"column":2},"end":{"line":15,"column":null}}},"fnMap":{"0":{"name":"(anonymous_0)","decl":{"start":{"line":19,"column":8},"end":{"line":19,"column":12}},"loc":{"start":{"line":19,"column":46},"end":{"line":21,"column":null}},"line":19},"1":{"name":"(anonymous_1)","decl":{"start":{"line":17,"column":2},"end":{"line":17,"column":14}},"loc":{"start":{"line":17,"column":93},"end":{"line":17,"column":null}},"line":17}},"branchMap":{},"s":{"0":1,"1":1,"2":1},"f":{"0":1,"1":1},"b":{},"meta":{"lastBranch":0,"lastFunction":2,"lastStatement":3,"seen":{"f:19:8:19:12":0,"s:20:4:20:Infinity":0,"f:17:2:17:14":1,"s:17:61:17:91":1,"s:15:2:15:Infinity":2}}}
,"/Users/yudhistiroagung/Projects/vibekeun-template/react-vibekeun-template/src/domain/tasks/usecases/get-all-tasks.ts": {"path":"/Users/yudhistiroagung/Projects/vibekeun-template/react-vibekeun-template/src/domain/tasks/usecases/get-all-tasks.ts","statementMap":{"0":{"start":{"line":18,"column":4},"end":{"line":18,"column":null}},"1":{"start":{"line":15,"column":61},"end":{"line":15,"column":91}},"2":{"start":{"line":13,"column":2},"end":{"line":13,"column":null}}},"fnMap":{"0":{"name":"(anonymous_0)","decl":{"start":{"line":17,"column":8},"end":{"line":17,"column":31}},"loc":{"start":{"line":17,"column":31},"end":{"line":19,"column":null}},"line":17},"1":{"name":"(anonymous_1)","decl":{"start":{"line":15,"column":2},"end":{"line":15,"column":14}},"loc":{"start":{"line":15,"column":93},"end":{"line":15,"column":null}},"line":15}},"branchMap":{},"s":{"0":1,"1":1,"2":1},"f":{"0":1,"1":1},"b":{},"meta":{"lastBranch":0,"lastFunction":2,"lastStatement":3,"seen":{"f:17:8:17:31":0,"s:18:4:18:Infinity":0,"f:15:2:15:14":1,"s:15:61:15:91":1,"s:13:2:13:Infinity":2}}}
,"/Users/yudhistiroagung/Projects/vibekeun-template/react-vibekeun-template/src/domain/tasks/usecases/get-tasks-by-profile-id-and-date.ts": {"path":"/Users/yudhistiroagung/Projects/vibekeun-template/react-vibekeun-template/src/domain/tasks/usecases/get-tasks-by-profile-id-and-date.ts","statementMap":{"0":{"start":{"line":21,"column":4},"end":{"line":21,"column":null}},"1":{"start":{"line":18,"column":61},"end":{"line":18,"column":91}},"2":{"start":{"line":16,"column":2},"end":{"line":16,"column":null}}},"fnMap":{"0":{"name":"(anonymous_0)","decl":{"start":{"line":20,"column":8},"end":{"line":20,"column":12}},"loc":{"start":{"line":20,"column":57},"end":{"line":22,"column":null}},"line":20},"1":{"name":"(anonymous_1)","decl":{"start":{"line":18,"column":2},"end":{"line":18,"column":14}},"loc":{"start":{"line":18,"column":93},"end":{"line":18,"column":null}},"line":18}},"branchMap":{},"s":{"0":1,"1":1,"2":1},"f":{"0":1,"1":1},"b":{},"meta":{"lastBranch":0,"lastFunction":2,"lastStatement":3,"seen":{"f:20:8:20:12":0,"s:21:4:21:Infinity":0,"f:18:2:18:14":1,"s:18:61:18:91":1,"s:16:2:16:Infinity":2}}}
,"/Users/yudhistiroagung/Projects/vibekeun-template/react-vibekeun-template/src/domain/tasks/usecases/update-task.ts": {"path":"/Users/yudhistiroagung/Projects/vibekeun-template/react-vibekeun-template/src/domain/tasks/usecases/update-task.ts","statementMap":{"0":{"start":{"line":21,"column":4},"end":{"line":21,"column":null}},"1":{"start":{"line":18,"column":61},"end":{"line":18,"column":91}},"2":{"start":{"line":16,"column":2},"end":{"line":16,"column":null}}},"fnMap":{"0":{"name":"(anonymous_0)","decl":{"start":{"line":20,"column":8},"end":{"line":20,"column":12}},"loc":{"start":{"line":20,"column":50},"end":{"line":22,"column":null}},"line":20},"1":{"name":"(anonymous_1)","decl":{"start":{"line":18,"column":2},"end":{"line":18,"column":14}},"loc":{"start":{"line":18,"column":93},"end":{"line":18,"column":null}},"line":18}},"branchMap":{},"s":{"0":1,"1":1,"2":1},"f":{"0":1,"1":1},"b":{},"meta":{"lastBranch":0,"lastFunction":2,"lastStatement":3,"seen":{"f:20:8:20:12":0,"s:21:4:21:Infinity":0,"f:18:2:18:14":1,"s:18:61:18:91":1,"s:16:2:16:Infinity":2}}}
,"/Users/yudhistiroagung/Projects/vibekeun-template/react-vibekeun-template/src/domain/todos/todo-repository.ts": {"path":"/Users/yudhistiroagung/Projects/vibekeun-template/react-vibekeun-template/src/domain/todos/todo-repository.ts","statementMap":{"0":{"start":{"line":7,"column":17},"end":{"line":7,"column":null}},"1":{"start":{"line":8,"column":15},"end":{"line":8,"column":null}}},"fnMap":{"0":{"name":"(anonymous_0)","decl":{"start":{"line":7,"column":17},"end":{"line":7,"column":null}},"loc":{"start":{"line":7,"column":17},"end":{"line":9,"column":null}},"line":7}},"branchMap":{"0":{"loc":{"start":{"line":7,"column":17},"end":{"line":7,"column":null}},"type":"binary-expr","locations":[{"start":{"line":7,"column":17},"end":{"line":7,"column":null}},{"start":{"line":7,"column":17},"end":{"line":7,"column":null}}],"line":7}},"s":{"0":2,"1":2},"f":{"0":2},"b":{"0":[2,2]},"meta":{"lastBranch":1,"lastFunction":1,"lastStatement":2,"seen":{"s:7:17:7:Infinity":0,"f:7:17:7:Infinity":0,"s:8:15:8:Infinity":1,"b:7:17:7:Infinity:7:17:7:Infinity":0}}}
,"/Users/yudhistiroagung/Projects/vibekeun-template/react-vibekeun-template/src/domain/todos/usecases/use-get-todos.ts": {"path":"/Users/yudhistiroagung/Projects/vibekeun-template/react-vibekeun-template/src/domain/todos/usecases/use-get-todos.ts","statementMap":{"0":{"start":{"line":18,"column":8},"end":{"line":18,"column":null}},"1":{"start":{"line":15,"column":63},"end":{"line":15,"column":93}},"2":{"start":{"line":13,"column":4},"end":{"line":13,"column":null}}},"fnMap":{"0":{"name":"(anonymous_0)","decl":{"start":{"line":17,"column":10},"end":{"line":17,"column":33}},"loc":{"start":{"line":17,"column":33},"end":{"line":19,"column":null}},"line":17},"1":{"name":"(anonymous_1)","decl":{"start":{"line":15,"column":4},"end":{"line":15,"column":16}},"loc":{"start":{"line":15,"column":95},"end":{"line":15,"column":null}},"line":15}},"branchMap":{},"s":{"0":1,"1":1,"2":1},"f":{"0":1,"1":1},"b":{},"meta":{"lastBranch":0,"lastFunction":2,"lastStatement":3,"seen":{"f:17:10:17:33":0,"s:18:8:18:Infinity":0,"f:15:4:15:16":1,"s:15:63:15:93":1,"s:13:4:13:Infinity":2}}}
,"/Users/yudhistiroagung/Projects/vibekeun-template/react-vibekeun-template/src/presentation/components/button/button.tsx": {"path":"/Users/yudhistiroagung/Projects/vibekeun-template/react-vibekeun-template/src/presentation/components/button/button.tsx","statementMap":{"0":{"start":{"line":7,"column":6},"end":{"line":41,"column":null}},"1":{"start":{"line":54,"column":15},"end":{"line":54,"column":null}},"2":{"start":{"line":56,"column":2},"end":{"line":62,"column":null}}},"fnMap":{"0":{"name":"Button","decl":{"start":{"line":44,"column":9},"end":{"line":44,"column":16}},"loc":{"start":{"line":53,"column":3},"end":{"line":65,"column":null}},"line":53}},"branchMap":{"0":{"loc":{"start":{"line":46,"column":2},"end":{"line":46,"column":21}},"type":"default-arg","locations":[{"start":{"line":46,"column":12},"end":{"line":46,"column":21}}],"line":46},"1":{"loc":{"start":{"line":47,"column":2},"end":{"line":47,"column":18}},"type":"default-arg","locations":[{"start":{"line":47,"column":9},"end":{"line":47,"column":18}}],"line":47},"2":{"loc":{"start":{"line":48,"column":2},"end":{"line":48,"column":17}},"type":"default-arg","locations":[{"start":{"line":48,"column":12},"end":{"line":48,"column":17}}],"line":48},"3":{"loc":{"start":{"line":54,"column":15},"end":{"line":54,"column":null}},"type":"cond-expr","locations":[{"start":{"line":54,"column":25},"end":{"line":54,"column":34}},{"start":{"line":54,"column":37},"end":{"line":54,"column":null}}],"line":54}},"s":{"0":1,"1":2,"2":2},"f":{"0":2},"b":{"0":[2],"1":[2],"2":[2],"3":[0,2]},"meta":{"lastBranch":4,"lastFunction":1,"lastStatement":3,"seen":{"s:7:6:41:Infinity":0,"f:44:9:44:16":0,"b:46:12:46:21":0,"b:47:9:47:18":1,"b:48:12:48:17":2,"s:54:15:54:Infinity":1,"b:54:25:54:34:54:37:54:Infinity":3,"s:56:2:62:Infinity":2}}}
,"/Users/yudhistiroagung/Projects/vibekeun-template/react-vibekeun-template/src/presentation/utils/utils.ts": {"path":"/Users/yudhistiroagung/Projects/vibekeun-template/react-vibekeun-template/src/presentation/utils/utils.ts","statementMap":{"0":{"start":{"line":5,"column":2},"end":{"line":5,"column":null}}},"fnMap":{"0":{"name":"cn","decl":{"start":{"line":4,"column":16},"end":{"line":4,"column":19}},"loc":{"start":{"line":4,"column":42},"end":{"line":6,"column":null}},"line":4}},"branchMap":{},"s":{"0":3},"f":{"0":3},"b":{},"meta":{"lastBranch":0,"lastFunction":1,"lastStatement":1,"seen":{"f:4:16:4:19":0,"s:5:2:5:Infinity":0}}}
}
